{
    "applicationSourceName": {
        "data": {
            "value": "packagekit-backend"
        },
        "description": "The source for applications",
        "telemetryMode": "DetailedUsageStatistics"
    },
    "applicationVersion": {
        "data": {
            "value": "5.24.4"
        },
        "description": "A versão do aplicativo.",
        "telemetryMode": "BasicSystemInformation"
    },
    "locale": {
        "data": {
            "language": "Portuguese",
            "region": "Brazil"
        },
        "description": "As configurações de idioma e região atuais.",
        "telemetryMode": "DetailedSystemInformation"
    },
    "opengl": {
        "data": {
            "type": "none"
        },
        "description": "Informações sobre o tipo, versão e fabricante da pilha OpenGL.",
        "telemetryMode": "DetailedSystemInformation"
    },
    "platform": {
        "data": {
            "os": "linux",
            "version": "fedora-36"
        },
        "description": "Tipo e versão do sistema operacional.",
        "telemetryMode": "BasicSystemInformation"
    },
    "qtVersion": {
        "data": {
            "value": "5.15.3"
        },
        "description": "A versão do Qt usada neste aplicativo.",
        "telemetryMode": "BasicSystemInformation"
    },
    "screens": {
        "data": [
            {
                "devicePixelRatio": 1,
                "dpi": 144,
                "height": 1080,
                "width": 1920
            }
        ],
        "description": "Tamanho e resolução de todas as telas conectadas.",
        "telemetryMode": "DetailedSystemInformation"
    },
    "startCount": {
        "data": {
            "value": 16
        },
        "description": "A frequência de início do aplicativo.",
        "telemetryMode": "BasicUsageStatistics"
    },
    "usageTime": {
        "data": {
            "value": 1309
        },
        "description": "O quantidade total de tempo que o aplicativo foi usado.",
        "telemetryMode": "BasicUsageStatistics"
    }
}
