{
    "applicationVersion": {
        "data": {
            "value": "5.24.4"
        },
        "description": "A versão do aplicativo.",
        "telemetryMode": "BasicSystemInformation"
    },
    "compiler": {
        "data": {
            "type": "GCC",
            "version": "12.0"
        },
        "description": "O compilador usado para compilar este aplicativo.",
        "telemetryMode": "BasicSystemInformation"
    },
    "opengl": {
        "data": {
            "type": "none"
        },
        "description": "Informações sobre o tipo, versão e fabricante da pilha OpenGL.",
        "telemetryMode": "DetailedSystemInformation"
    },
    "panelCount": {
        "data": {
            "panelCount": 1
        },
        "description": "Conta os painéis",
        "telemetryMode": "DetailedSystemInformation"
    },
    "platform": {
        "data": {
            "os": "linux",
            "version": "fedora-36"
        },
        "description": "Tipo e versão do sistema operacional.",
        "telemetryMode": "BasicSystemInformation"
    },
    "qpa": {
        "data": {
            "name": "wayland"
        },
        "description": "O plugin de abstração da plataforma Qt",
        "telemetryMode": "BasicSystemInformation"
    },
    "qtVersion": {
        "data": {
            "value": "5.15.3"
        },
        "description": "A versão do Qt usada neste aplicativo.",
        "telemetryMode": "BasicSystemInformation"
    },
    "screens": {
        "data": [
            {
                "devicePixelRatio": 1,
                "dpi": 144,
                "height": 1080,
                "width": 1920
            }
        ],
        "description": "Tamanho e resolução de todas as telas conectadas.",
        "telemetryMode": "DetailedSystemInformation"
    },
    "usageTime": {
        "data": {
            "value": 2
        },
        "description": "O quantidade total de tempo que o aplicativo foi usado.",
        "telemetryMode": "BasicUsageStatistics"
    }
}
